[2025-03-27 11:29:39,641] multiqc                                            [DEBUG  ]  No MultiQC config found: /mnt/storage/apps/eb/software/MultiQC/1.7-foss-2018b-Python-3.6.6/lib/python3.6/site-packages/multiqc_config.yaml
[2025-03-27 11:29:39,641] multiqc                                            [DEBUG  ]  No MultiQC config found: /mnt/nfs/home/ngh18/.multiqc_config.yaml
[2025-03-27 11:29:39,641] multiqc                                            [DEBUG  ]  No MultiQC config found: multiqc_config.yaml
[2025-03-27 11:29:39,642] multiqc                                            [DEBUG  ]  Command used: /mnt/storage/apps/eb/software/MultiQC/1.7-foss-2018b-Python-3.6.6/bin/multiqc /mnt/storage/nobackup/proj/ghwtcmr/Uwe_RNAseq/results//ur_rna4_results/ur_rna4_qualimap/B1_CO875-001/ /mnt/storage/nobackup/proj/ghwtcmr/Uwe_RNAseq/results//ur_rna4_results/ur_rna4_qualimap/B2_CO875-001/ /mnt/storage/nobackup/proj/ghwtcmr/Uwe_RNAseq/results//ur_rna4_results/ur_rna4_qualimap/B3_CO875-001/ /mnt/storage/nobackup/proj/ghwtcmr/Uwe_RNAseq/results//ur_rna4_results/ur_rna4_qualimap/B4_CO875-001/ /mnt/storage/nobackup/proj/ghwtcmr/Uwe_RNAseq/results//ur_rna4_results/ur_rna4_qualimap/D1_CO875-001/ /mnt/storage/nobackup/proj/ghwtcmr/Uwe_RNAseq/results//ur_rna4_results/ur_rna4_qualimap/D2_CO875-001/ /mnt/storage/nobackup/proj/ghwtcmr/Uwe_RNAseq/results//ur_rna4_results/ur_rna4_qualimap/D3_CO875-001/ /mnt/storage/nobackup/proj/ghwtcmr/Uwe_RNAseq/results//ur_rna4_results/ur_rna4_qualimap/D4_CO875-001/ /mnt/storage/nobackup/proj/ghwtcmr/Uwe_RNAseq/results//ur_rna4_results/ur_rna4_qualimap/G1_CO875-001/ /mnt/storage/nobackup/proj/ghwtcmr/Uwe_RNAseq/results//ur_rna4_results/ur_rna4_qualimap/G2_CO875-001/ /mnt/storage/nobackup/proj/ghwtcmr/Uwe_RNAseq/results//ur_rna4_results/ur_rna4_qualimap/G3_CO875-001/ /mnt/storage/nobackup/proj/ghwtcmr/Uwe_RNAseq/results//ur_rna4_results/ur_rna4_qualimap/G4_CO875-001/ /mnt/storage/nobackup/proj/ghwtcmr/Uwe_RNAseq/results//ur_rna4_results/ur_rna4_qualimap/WT1_CO875-001/ /mnt/storage/nobackup/proj/ghwtcmr/Uwe_RNAseq/results//ur_rna4_results/ur_rna4_qualimap/WT2_CO875-001/ /mnt/storage/nobackup/proj/ghwtcmr/Uwe_RNAseq/results//ur_rna4_results/ur_rna4_qualimap/WT3_CO875-001/ /mnt/storage/nobackup/proj/ghwtcmr/Uwe_RNAseq/results//ur_rna4_results/ur_rna4_qualimap/WT4_CO875-001/ -o /mnt/storage/nobackup/proj/ghwtcmr/Uwe_RNAseq/results//ur_rna4_report -n ur_rna4_qualimap_report
[2025-03-27 11:29:39,894] multiqc                                            [DEBUG  ]  Could not connect to multiqc.info for version check: <urlopen error [SSL: CERTIFICATE_VERIFY_FAILED] certificate verify failed (_ssl.c:841)>
[2025-03-27 11:29:39,894] multiqc                                            [INFO   ]  This is MultiQC v1.7
[2025-03-27 11:29:39,895] multiqc                                            [DEBUG  ]  Command     : /mnt/storage/apps/eb/software/MultiQC/1.7-foss-2018b-Python-3.6.6/bin/multiqc /mnt/storage/nobackup/proj/ghwtcmr/Uwe_RNAseq/results//ur_rna4_results/ur_rna4_qualimap/B1_CO875-001/ /mnt/storage/nobackup/proj/ghwtcmr/Uwe_RNAseq/results//ur_rna4_results/ur_rna4_qualimap/B2_CO875-001/ /mnt/storage/nobackup/proj/ghwtcmr/Uwe_RNAseq/results//ur_rna4_results/ur_rna4_qualimap/B3_CO875-001/ /mnt/storage/nobackup/proj/ghwtcmr/Uwe_RNAseq/results//ur_rna4_results/ur_rna4_qualimap/B4_CO875-001/ /mnt/storage/nobackup/proj/ghwtcmr/Uwe_RNAseq/results//ur_rna4_results/ur_rna4_qualimap/D1_CO875-001/ /mnt/storage/nobackup/proj/ghwtcmr/Uwe_RNAseq/results//ur_rna4_results/ur_rna4_qualimap/D2_CO875-001/ /mnt/storage/nobackup/proj/ghwtcmr/Uwe_RNAseq/results//ur_rna4_results/ur_rna4_qualimap/D3_CO875-001/ /mnt/storage/nobackup/proj/ghwtcmr/Uwe_RNAseq/results//ur_rna4_results/ur_rna4_qualimap/D4_CO875-001/ /mnt/storage/nobackup/proj/ghwtcmr/Uwe_RNAseq/results//ur_rna4_results/ur_rna4_qualimap/G1_CO875-001/ /mnt/storage/nobackup/proj/ghwtcmr/Uwe_RNAseq/results//ur_rna4_results/ur_rna4_qualimap/G2_CO875-001/ /mnt/storage/nobackup/proj/ghwtcmr/Uwe_RNAseq/results//ur_rna4_results/ur_rna4_qualimap/G3_CO875-001/ /mnt/storage/nobackup/proj/ghwtcmr/Uwe_RNAseq/results//ur_rna4_results/ur_rna4_qualimap/G4_CO875-001/ /mnt/storage/nobackup/proj/ghwtcmr/Uwe_RNAseq/results//ur_rna4_results/ur_rna4_qualimap/WT1_CO875-001/ /mnt/storage/nobackup/proj/ghwtcmr/Uwe_RNAseq/results//ur_rna4_results/ur_rna4_qualimap/WT2_CO875-001/ /mnt/storage/nobackup/proj/ghwtcmr/Uwe_RNAseq/results//ur_rna4_results/ur_rna4_qualimap/WT3_CO875-001/ /mnt/storage/nobackup/proj/ghwtcmr/Uwe_RNAseq/results//ur_rna4_results/ur_rna4_qualimap/WT4_CO875-001/ -o /mnt/storage/nobackup/proj/ghwtcmr/Uwe_RNAseq/results//ur_rna4_report -n ur_rna4_qualimap_report
[2025-03-27 11:29:39,895] multiqc                                            [DEBUG  ]  Working dir : /mnt/storage/nobackup/proj/ghwtcmr/Uwe_RNAseq
[2025-03-27 11:29:39,895] multiqc                                            [INFO   ]  Template    : default
[2025-03-27 11:29:39,895] multiqc                                            [INFO   ]  Searching '/mnt/storage/nobackup/proj/ghwtcmr/Uwe_RNAseq/results//ur_rna4_results/ur_rna4_qualimap/B1_CO875-001/'
[2025-03-27 11:29:39,895] multiqc                                            [INFO   ]  Searching '/mnt/storage/nobackup/proj/ghwtcmr/Uwe_RNAseq/results//ur_rna4_results/ur_rna4_qualimap/B2_CO875-001/'
[2025-03-27 11:29:39,895] multiqc                                            [INFO   ]  Searching '/mnt/storage/nobackup/proj/ghwtcmr/Uwe_RNAseq/results//ur_rna4_results/ur_rna4_qualimap/B3_CO875-001/'
[2025-03-27 11:29:39,895] multiqc                                            [INFO   ]  Searching '/mnt/storage/nobackup/proj/ghwtcmr/Uwe_RNAseq/results//ur_rna4_results/ur_rna4_qualimap/B4_CO875-001/'
[2025-03-27 11:29:39,895] multiqc                                            [INFO   ]  Searching '/mnt/storage/nobackup/proj/ghwtcmr/Uwe_RNAseq/results//ur_rna4_results/ur_rna4_qualimap/D1_CO875-001/'
[2025-03-27 11:29:39,896] multiqc                                            [INFO   ]  Searching '/mnt/storage/nobackup/proj/ghwtcmr/Uwe_RNAseq/results//ur_rna4_results/ur_rna4_qualimap/D2_CO875-001/'
[2025-03-27 11:29:39,896] multiqc                                            [INFO   ]  Searching '/mnt/storage/nobackup/proj/ghwtcmr/Uwe_RNAseq/results//ur_rna4_results/ur_rna4_qualimap/D3_CO875-001/'
[2025-03-27 11:29:39,896] multiqc                                            [INFO   ]  Searching '/mnt/storage/nobackup/proj/ghwtcmr/Uwe_RNAseq/results//ur_rna4_results/ur_rna4_qualimap/D4_CO875-001/'
[2025-03-27 11:29:39,896] multiqc                                            [INFO   ]  Searching '/mnt/storage/nobackup/proj/ghwtcmr/Uwe_RNAseq/results//ur_rna4_results/ur_rna4_qualimap/G1_CO875-001/'
[2025-03-27 11:29:39,896] multiqc                                            [INFO   ]  Searching '/mnt/storage/nobackup/proj/ghwtcmr/Uwe_RNAseq/results//ur_rna4_results/ur_rna4_qualimap/G2_CO875-001/'
[2025-03-27 11:29:39,896] multiqc                                            [INFO   ]  Searching '/mnt/storage/nobackup/proj/ghwtcmr/Uwe_RNAseq/results//ur_rna4_results/ur_rna4_qualimap/G3_CO875-001/'
[2025-03-27 11:29:39,896] multiqc                                            [INFO   ]  Searching '/mnt/storage/nobackup/proj/ghwtcmr/Uwe_RNAseq/results//ur_rna4_results/ur_rna4_qualimap/G4_CO875-001/'
[2025-03-27 11:29:39,896] multiqc                                            [INFO   ]  Searching '/mnt/storage/nobackup/proj/ghwtcmr/Uwe_RNAseq/results//ur_rna4_results/ur_rna4_qualimap/WT1_CO875-001/'
[2025-03-27 11:29:39,896] multiqc                                            [INFO   ]  Searching '/mnt/storage/nobackup/proj/ghwtcmr/Uwe_RNAseq/results//ur_rna4_results/ur_rna4_qualimap/WT2_CO875-001/'
[2025-03-27 11:29:39,896] multiqc                                            [INFO   ]  Searching '/mnt/storage/nobackup/proj/ghwtcmr/Uwe_RNAseq/results//ur_rna4_results/ur_rna4_qualimap/WT3_CO875-001/'
[2025-03-27 11:29:39,896] multiqc                                            [INFO   ]  Searching '/mnt/storage/nobackup/proj/ghwtcmr/Uwe_RNAseq/results//ur_rna4_results/ur_rna4_qualimap/WT4_CO875-001/'
[2025-03-27 11:29:39,897] multiqc                                            [DEBUG  ]  Analysing modules: custom_content, conpair, peddy, methylQA, phantompeakqualtools, qualimap, preseq, quast, qorts, rna_seqc, rsem, rseqc, busco, goleft_indexcov, disambiguate, supernova, deeptools, sargasso, verifybamid, mirtrace, happy, homer, macs2, theta2, snpeff, gatk, htseq, bcftools, featureCounts, dedup, damageprofiler, picard, prokka, samblaster, samtools, bamtools, jellyfish, vcftools, longranger, stacks, bbmap, bismark, biscuit, hicexplorer, hicup, hicpro, salmon, kallisto, slamdunk, star, hisat2, tophat, bowtie2, bowtie1, kat, leehom, adapterRemoval, clipandmerge, cutadapt, flexbar, trimmomatic, skewer, sortmerna, biobloomtools, fastq_screen, afterqc, fastp, fastqc, minionqc, clusterflow, bcl2fastq, interop, flash
[2025-03-27 11:29:39,897] multiqc                                            [DEBUG  ]  Using temporary directory for creating report: /scratch/ngh18/18137258/tmpg7ecpxcm
[2025-03-27 11:29:40,214] multiqc                                            [DEBUG  ]  Ignoring file as matched an ignore pattern: qualimapReport.html
[2025-03-27 11:29:41,397] multiqc                                            [DEBUG  ]  Ignoring file as matched an ignore pattern: qualimapReport.html
[2025-03-27 11:29:42,649] multiqc                                            [DEBUG  ]  Ignoring file as matched an ignore pattern: qualimapReport.html
[2025-03-27 11:29:43,947] multiqc                                            [DEBUG  ]  Ignoring file as matched an ignore pattern: qualimapReport.html
[2025-03-27 11:29:46,201] multiqc                                            [DEBUG  ]  Ignoring file as matched an ignore pattern: qualimapReport.html
[2025-03-27 11:29:48,724] multiqc                                            [DEBUG  ]  Ignoring file as matched an ignore pattern: qualimapReport.html
[2025-03-27 11:29:49,922] multiqc                                            [DEBUG  ]  Ignoring file as matched an ignore pattern: qualimapReport.html
[2025-03-27 11:29:51,128] multiqc                                            [DEBUG  ]  Ignoring file as matched an ignore pattern: qualimapReport.html
[2025-03-27 11:29:55,833] multiqc                                            [DEBUG  ]  Ignoring file as matched an ignore pattern: qualimapReport.html
[2025-03-27 11:29:59,350] multiqc                                            [DEBUG  ]  Ignoring file as matched an ignore pattern: qualimapReport.html
[2025-03-27 11:30:00,861] multiqc                                            [DEBUG  ]  Ignoring file as matched an ignore pattern: qualimapReport.html
[2025-03-27 11:30:02,204] multiqc                                            [DEBUG  ]  Ignoring file as matched an ignore pattern: qualimapReport.html
[2025-03-27 11:30:05,069] multiqc                                            [DEBUG  ]  Ignoring file as matched an ignore pattern: qualimapReport.html
[2025-03-27 11:30:07,792] multiqc                                            [DEBUG  ]  Ignoring file as matched an ignore pattern: qualimapReport.html
[2025-03-27 11:30:09,383] multiqc                                            [DEBUG  ]  Ignoring file as matched an ignore pattern: qualimapReport.html
[2025-03-27 11:30:13,295] multiqc                                            [DEBUG  ]  Ignoring file as matched an ignore pattern: qualimapReport.html
[2025-03-27 11:30:17,186] multiqc                                            [DEBUG  ]  No samples found: custom_content
[2025-03-27 11:30:17,195] multiqc                                            [DEBUG  ]  No samples found: conpair
[2025-03-27 11:30:17,204] multiqc                                            [DEBUG  ]  No samples found: peddy
[2025-03-27 11:30:17,212] multiqc                                            [DEBUG  ]  No samples found: methylQA
[2025-03-27 11:30:17,220] multiqc                                            [DEBUG  ]  No samples found: phantompeakqualtools
[2025-03-27 11:30:18,025] multiqc.modules.qualimap.qualimap                  [INFO   ]  Found 16 RNASeq reports
[2025-03-27 11:30:18,036] multiqc                                            [DEBUG  ]  No samples found: preseq
[2025-03-27 11:30:18,044] multiqc                                            [DEBUG  ]  No samples found: quast
[2025-03-27 11:30:18,053] multiqc                                            [DEBUG  ]  No samples found: qorts
[2025-03-27 11:30:18,061] multiqc                                            [DEBUG  ]  No samples found: rna_seqc
[2025-03-27 11:30:18,070] multiqc                                            [DEBUG  ]  No samples found: rsem
[2025-03-27 11:30:18,088] multiqc                                            [DEBUG  ]  No samples found: rseqc
[2025-03-27 11:30:18,097] multiqc                                            [DEBUG  ]  No samples found: busco
[2025-03-27 11:30:18,105] multiqc                                            [DEBUG  ]  No samples found: goleft_indexcov
[2025-03-27 11:30:18,114] multiqc                                            [DEBUG  ]  No samples found: disambiguate
[2025-03-27 11:30:18,123] multiqc                                            [DEBUG  ]  No samples found: supernova
[2025-03-27 11:30:18,142] multiqc                                            [DEBUG  ]  No samples found: deeptools
[2025-03-27 11:30:18,150] multiqc                                            [DEBUG  ]  No samples found: sargasso
[2025-03-27 11:30:18,159] multiqc                                            [DEBUG  ]  No samples found: verifybamid
[2025-03-27 11:30:18,168] multiqc                                            [DEBUG  ]  No samples found: mirtrace
[2025-03-27 11:30:18,177] multiqc                                            [DEBUG  ]  No samples found: happy
[2025-03-27 11:30:18,190] multiqc                                            [DEBUG  ]  No samples found: homer
[2025-03-27 11:30:18,199] multiqc                                            [DEBUG  ]  No samples found: macs2
[2025-03-27 11:30:18,208] multiqc                                            [DEBUG  ]  No samples found: theta2
[2025-03-27 11:30:18,216] multiqc                                            [DEBUG  ]  No samples found: snpeff
[2025-03-27 11:30:18,228] multiqc                                            [DEBUG  ]  No samples found: gatk
[2025-03-27 11:30:18,237] multiqc                                            [DEBUG  ]  No samples found: htseq
[2025-03-27 11:30:18,246] multiqc                                            [DEBUG  ]  No samples found: bcftools
[2025-03-27 11:30:18,254] multiqc                                            [DEBUG  ]  No samples found: featureCounts
[2025-03-27 11:30:18,263] multiqc                                            [DEBUG  ]  No samples found: dedup
[2025-03-27 11:30:18,271] multiqc                                            [DEBUG  ]  No samples found: damageprofiler
[2025-03-27 11:30:18,293] multiqc                                            [DEBUG  ]  No samples found: picard
[2025-03-27 11:30:18,302] multiqc                                            [DEBUG  ]  No samples found: prokka
[2025-03-27 11:30:18,310] multiqc                                            [DEBUG  ]  No samples found: samblaster
[2025-03-27 11:30:18,323] multiqc                                            [DEBUG  ]  No samples found: samtools
[2025-03-27 11:30:18,333] multiqc                                            [DEBUG  ]  No samples found: bamtools
[2025-03-27 11:30:18,341] multiqc                                            [DEBUG  ]  No samples found: jellyfish
[2025-03-27 11:30:18,353] multiqc                                            [DEBUG  ]  No samples found: vcftools
[2025-03-27 11:30:18,362] multiqc                                            [DEBUG  ]  No samples found: longranger
[2025-03-27 11:30:18,371] multiqc                                            [DEBUG  ]  No samples found: stacks
[2025-03-27 11:30:18,392] multiqc                                            [DEBUG  ]  No samples found: bbmap
[2025-03-27 11:30:18,401] multiqc                                            [DEBUG  ]  No samples found: bismark
[2025-03-27 11:30:18,410] multiqc                                            [DEBUG  ]  No samples found: biscuit
[2025-03-27 11:30:18,419] multiqc                                            [DEBUG  ]  No samples found: hicexplorer
[2025-03-27 11:30:18,427] multiqc                                            [DEBUG  ]  No samples found: hicup
[2025-03-27 11:30:18,435] multiqc                                            [DEBUG  ]  No samples found: hicpro
[2025-03-27 11:30:18,443] multiqc                                            [DEBUG  ]  No samples found: salmon
[2025-03-27 11:30:18,452] multiqc                                            [DEBUG  ]  No samples found: kallisto
[2025-03-27 11:30:18,460] multiqc                                            [DEBUG  ]  No samples found: slamdunk
[2025-03-27 11:30:18,469] multiqc                                            [DEBUG  ]  No samples found: star
[2025-03-27 11:30:18,477] multiqc                                            [DEBUG  ]  No samples found: hisat2
[2025-03-27 11:30:18,485] multiqc                                            [DEBUG  ]  No samples found: tophat
[2025-03-27 11:30:18,494] multiqc                                            [DEBUG  ]  No samples found: bowtie2
[2025-03-27 11:30:18,502] multiqc                                            [DEBUG  ]  No samples found: bowtie1
[2025-03-27 11:30:18,510] multiqc                                            [DEBUG  ]  No samples found: kat
[2025-03-27 11:30:18,518] multiqc                                            [DEBUG  ]  No samples found: leehom
[2025-03-27 11:30:18,526] multiqc                                            [DEBUG  ]  No samples found: adapterRemoval
[2025-03-27 11:30:18,540] multiqc                                            [DEBUG  ]  No samples found: clipandmerge
[2025-03-27 11:30:18,549] multiqc                                            [DEBUG  ]  No samples found: cutadapt
[2025-03-27 11:30:18,557] multiqc                                            [DEBUG  ]  No samples found: flexbar
[2025-03-27 11:30:18,565] multiqc                                            [DEBUG  ]  No samples found: trimmomatic
[2025-03-27 11:30:18,574] multiqc                                            [DEBUG  ]  No samples found: skewer
[2025-03-27 11:30:18,582] multiqc                                            [DEBUG  ]  No samples found: sortmerna
[2025-03-27 11:30:18,591] multiqc                                            [DEBUG  ]  No samples found: biobloomtools
[2025-03-27 11:30:18,606] multiqc                                            [DEBUG  ]  No samples found: fastq_screen
[2025-03-27 11:30:18,614] multiqc                                            [DEBUG  ]  No samples found: afterqc
[2025-03-27 11:30:18,622] multiqc                                            [DEBUG  ]  No samples found: fastp
[2025-03-27 11:30:18,631] multiqc                                            [DEBUG  ]  No samples found: fastqc
[2025-03-27 11:30:18,640] multiqc                                            [DEBUG  ]  No samples found: minionqc
[2025-03-27 11:30:18,649] multiqc                                            [DEBUG  ]  No samples found: clusterflow
[2025-03-27 11:30:18,657] multiqc                                            [DEBUG  ]  No samples found: bcl2fastq
[2025-03-27 11:30:18,666] multiqc                                            [DEBUG  ]  No samples found: interop
[2025-03-27 11:30:18,674] multiqc                                            [DEBUG  ]  No samples found: flash
[2025-03-27 11:30:18,687] multiqc                                            [INFO   ]  Compressing plot data
[2025-03-27 11:30:18,801] multiqc                                            [INFO   ]  Report      : results/ur_rna4_report/ur_rna4_qualimap_report.html
[2025-03-27 11:30:18,801] multiqc                                            [INFO   ]  Data        : results/ur_rna4_report/ur_rna4_qualimap_report_data
[2025-03-27 11:30:18,802] multiqc                                            [DEBUG  ]  Moving data file from '/scratch/ngh18/18137258/tmpg7ecpxcm/multiqc_data/multiqc_general_stats.txt' to '/mnt/storage/nobackup/proj/ghwtcmr/Uwe_RNAseq/results//ur_rna4_report/ur_rna4_qualimap_report_data'
[2025-03-27 11:30:18,856] multiqc                                            [DEBUG  ]  Moving data file from '/scratch/ngh18/18137258/tmpg7ecpxcm/multiqc_data/multiqc_sources.txt' to '/mnt/storage/nobackup/proj/ghwtcmr/Uwe_RNAseq/results//ur_rna4_report/ur_rna4_qualimap_report_data'
[2025-03-27 11:30:18,874] multiqc                                            [DEBUG  ]  Moving data file from '/scratch/ngh18/18137258/tmpg7ecpxcm/multiqc_data/multiqc_data.json' to '/mnt/storage/nobackup/proj/ghwtcmr/Uwe_RNAseq/results//ur_rna4_report/ur_rna4_qualimap_report_data'
[2025-03-27 11:30:19,072] multiqc                                            [INFO   ]  MultiQC complete
