[2025-03-27 11:30:21,889] multiqc                                            [DEBUG  ]  No MultiQC config found: /mnt/storage/apps/eb/software/MultiQC/1.7-foss-2018b-Python-3.6.6/lib/python3.6/site-packages/multiqc_config.yaml
[2025-03-27 11:30:21,889] multiqc                                            [DEBUG  ]  No MultiQC config found: /mnt/nfs/home/ngh18/.multiqc_config.yaml
[2025-03-27 11:30:21,890] multiqc                                            [DEBUG  ]  No MultiQC config found: multiqc_config.yaml
[2025-03-27 11:30:21,890] multiqc                                            [DEBUG  ]  Command used: /mnt/storage/apps/eb/software/MultiQC/1.7-foss-2018b-Python-3.6.6/bin/multiqc /mnt/storage/nobackup/proj/ghwtcmr/Uwe_RNAseq/results//ur_rna4_results/ur_rna4_featurecount -o /mnt/storage/nobackup/proj/ghwtcmr/Uwe_RNAseq/results//ur_rna4_report -n ur_rna4_featurecount_report
[2025-03-27 11:30:22,096] multiqc                                            [DEBUG  ]  Could not connect to multiqc.info for version check: <urlopen error [SSL: CERTIFICATE_VERIFY_FAILED] certificate verify failed (_ssl.c:841)>
[2025-03-27 11:30:22,096] multiqc                                            [INFO   ]  This is MultiQC v1.7
[2025-03-27 11:30:22,097] multiqc                                            [DEBUG  ]  Command     : /mnt/storage/apps/eb/software/MultiQC/1.7-foss-2018b-Python-3.6.6/bin/multiqc /mnt/storage/nobackup/proj/ghwtcmr/Uwe_RNAseq/results//ur_rna4_results/ur_rna4_featurecount -o /mnt/storage/nobackup/proj/ghwtcmr/Uwe_RNAseq/results//ur_rna4_report -n ur_rna4_featurecount_report
[2025-03-27 11:30:22,097] multiqc                                            [DEBUG  ]  Working dir : /mnt/storage/nobackup/proj/ghwtcmr/Uwe_RNAseq
[2025-03-27 11:30:22,097] multiqc                                            [INFO   ]  Template    : default
[2025-03-27 11:30:22,097] multiqc                                            [INFO   ]  Searching '/mnt/storage/nobackup/proj/ghwtcmr/Uwe_RNAseq/results//ur_rna4_results/ur_rna4_featurecount'
[2025-03-27 11:30:22,097] multiqc                                            [DEBUG  ]  Analysing modules: custom_content, conpair, peddy, methylQA, phantompeakqualtools, qualimap, preseq, quast, qorts, rna_seqc, rsem, rseqc, busco, goleft_indexcov, disambiguate, supernova, deeptools, sargasso, verifybamid, mirtrace, happy, homer, macs2, theta2, snpeff, gatk, htseq, bcftools, featureCounts, dedup, damageprofiler, picard, prokka, samblaster, samtools, bamtools, jellyfish, vcftools, longranger, stacks, bbmap, bismark, biscuit, hicexplorer, hicup, hicpro, salmon, kallisto, slamdunk, star, hisat2, tophat, bowtie2, bowtie1, kat, leehom, adapterRemoval, clipandmerge, cutadapt, flexbar, trimmomatic, skewer, sortmerna, biobloomtools, fastq_screen, afterqc, fastp, fastqc, minionqc, clusterflow, bcl2fastq, interop, flash
[2025-03-27 11:30:22,098] multiqc                                            [DEBUG  ]  Using temporary directory for creating report: /scratch/ngh18/18137258/tmp8l_eka5n
[2025-03-27 11:30:24,506] multiqc                                            [DEBUG  ]  No samples found: custom_content
[2025-03-27 11:30:24,514] multiqc                                            [DEBUG  ]  No samples found: conpair
[2025-03-27 11:30:24,522] multiqc                                            [DEBUG  ]  No samples found: peddy
[2025-03-27 11:30:24,533] multiqc                                            [DEBUG  ]  No samples found: methylQA
[2025-03-27 11:30:24,542] multiqc                                            [DEBUG  ]  No samples found: phantompeakqualtools
[2025-03-27 11:30:24,554] multiqc                                            [DEBUG  ]  No samples found: qualimap
[2025-03-27 11:30:24,563] multiqc                                            [DEBUG  ]  No samples found: preseq
[2025-03-27 11:30:24,572] multiqc                                            [DEBUG  ]  No samples found: quast
[2025-03-27 11:30:24,580] multiqc                                            [DEBUG  ]  No samples found: qorts
[2025-03-27 11:30:24,589] multiqc                                            [DEBUG  ]  No samples found: rna_seqc
[2025-03-27 11:30:24,598] multiqc                                            [DEBUG  ]  No samples found: rsem
[2025-03-27 11:30:24,617] multiqc                                            [DEBUG  ]  No samples found: rseqc
[2025-03-27 11:30:24,626] multiqc                                            [DEBUG  ]  No samples found: busco
[2025-03-27 11:30:24,634] multiqc                                            [DEBUG  ]  No samples found: goleft_indexcov
[2025-03-27 11:30:24,642] multiqc                                            [DEBUG  ]  No samples found: disambiguate
[2025-03-27 11:30:24,651] multiqc                                            [DEBUG  ]  No samples found: supernova
[2025-03-27 11:30:24,671] multiqc                                            [DEBUG  ]  No samples found: deeptools
[2025-03-27 11:30:24,679] multiqc                                            [DEBUG  ]  No samples found: sargasso
[2025-03-27 11:30:24,688] multiqc                                            [DEBUG  ]  No samples found: verifybamid
[2025-03-27 11:30:24,697] multiqc                                            [DEBUG  ]  No samples found: mirtrace
[2025-03-27 11:30:24,706] multiqc                                            [DEBUG  ]  No samples found: happy
[2025-03-27 11:30:24,717] multiqc                                            [DEBUG  ]  No samples found: homer
[2025-03-27 11:30:24,725] multiqc                                            [DEBUG  ]  No samples found: macs2
[2025-03-27 11:30:24,734] multiqc                                            [DEBUG  ]  No samples found: theta2
[2025-03-27 11:30:24,743] multiqc                                            [DEBUG  ]  No samples found: snpeff
[2025-03-27 11:30:24,754] multiqc                                            [DEBUG  ]  No samples found: gatk
[2025-03-27 11:30:24,762] multiqc                                            [DEBUG  ]  No samples found: htseq
[2025-03-27 11:30:24,771] multiqc                                            [DEBUG  ]  No samples found: bcftools
[2025-03-27 11:30:24,797] multiqc.modules.featureCounts.feature_counts       [INFO   ]  Found 16 reports
[2025-03-27 11:30:24,812] multiqc                                            [DEBUG  ]  No samples found: dedup
[2025-03-27 11:30:24,820] multiqc                                            [DEBUG  ]  No samples found: damageprofiler
[2025-03-27 11:30:24,845] multiqc                                            [DEBUG  ]  No samples found: picard
[2025-03-27 11:30:24,853] multiqc                                            [DEBUG  ]  No samples found: prokka
[2025-03-27 11:30:24,862] multiqc                                            [DEBUG  ]  No samples found: samblaster
[2025-03-27 11:30:24,876] multiqc                                            [DEBUG  ]  No samples found: samtools
[2025-03-27 11:30:24,885] multiqc                                            [DEBUG  ]  No samples found: bamtools
[2025-03-27 11:30:24,894] multiqc                                            [DEBUG  ]  No samples found: jellyfish
[2025-03-27 11:30:24,907] multiqc                                            [DEBUG  ]  No samples found: vcftools
[2025-03-27 11:30:24,916] multiqc                                            [DEBUG  ]  No samples found: longranger
[2025-03-27 11:30:24,924] multiqc                                            [DEBUG  ]  No samples found: stacks
[2025-03-27 11:30:24,945] multiqc                                            [DEBUG  ]  No samples found: bbmap
[2025-03-27 11:30:24,955] multiqc                                            [DEBUG  ]  No samples found: bismark
[2025-03-27 11:30:24,964] multiqc                                            [DEBUG  ]  No samples found: biscuit
[2025-03-27 11:30:24,972] multiqc                                            [DEBUG  ]  No samples found: hicexplorer
[2025-03-27 11:30:24,981] multiqc                                            [DEBUG  ]  No samples found: hicup
[2025-03-27 11:30:24,990] multiqc                                            [DEBUG  ]  No samples found: hicpro
[2025-03-27 11:30:24,998] multiqc                                            [DEBUG  ]  No samples found: salmon
[2025-03-27 11:30:25,007] multiqc                                            [DEBUG  ]  No samples found: kallisto
[2025-03-27 11:30:25,017] multiqc                                            [DEBUG  ]  No samples found: slamdunk
[2025-03-27 11:30:25,026] multiqc                                            [DEBUG  ]  No samples found: star
[2025-03-27 11:30:25,034] multiqc                                            [DEBUG  ]  No samples found: hisat2
[2025-03-27 11:30:25,042] multiqc                                            [DEBUG  ]  No samples found: tophat
[2025-03-27 11:30:25,050] multiqc                                            [DEBUG  ]  No samples found: bowtie2
[2025-03-27 11:30:25,059] multiqc                                            [DEBUG  ]  No samples found: bowtie1
[2025-03-27 11:30:25,068] multiqc                                            [DEBUG  ]  No samples found: kat
[2025-03-27 11:30:25,077] multiqc                                            [DEBUG  ]  No samples found: leehom
[2025-03-27 11:30:25,086] multiqc                                            [DEBUG  ]  No samples found: adapterRemoval
[2025-03-27 11:30:25,095] multiqc                                            [DEBUG  ]  No samples found: clipandmerge
[2025-03-27 11:30:25,103] multiqc                                            [DEBUG  ]  No samples found: cutadapt
[2025-03-27 11:30:25,111] multiqc                                            [DEBUG  ]  No samples found: flexbar
[2025-03-27 11:30:25,120] multiqc                                            [DEBUG  ]  No samples found: trimmomatic
[2025-03-27 11:30:25,128] multiqc                                            [DEBUG  ]  No samples found: skewer
[2025-03-27 11:30:25,137] multiqc                                            [DEBUG  ]  No samples found: sortmerna
[2025-03-27 11:30:25,145] multiqc                                            [DEBUG  ]  No samples found: biobloomtools
[2025-03-27 11:30:25,153] multiqc                                            [DEBUG  ]  No samples found: fastq_screen
[2025-03-27 11:30:25,161] multiqc                                            [DEBUG  ]  No samples found: afterqc
[2025-03-27 11:30:25,170] multiqc                                            [DEBUG  ]  No samples found: fastp
[2025-03-27 11:30:25,179] multiqc                                            [DEBUG  ]  No samples found: fastqc
[2025-03-27 11:30:25,187] multiqc                                            [DEBUG  ]  No samples found: minionqc
[2025-03-27 11:30:25,196] multiqc                                            [DEBUG  ]  No samples found: clusterflow
[2025-03-27 11:30:25,204] multiqc                                            [DEBUG  ]  No samples found: bcl2fastq
[2025-03-27 11:30:25,212] multiqc                                            [DEBUG  ]  No samples found: interop
[2025-03-27 11:30:25,220] multiqc                                            [DEBUG  ]  No samples found: flash
[2025-03-27 11:30:25,234] multiqc                                            [INFO   ]  Compressing plot data
[2025-03-27 11:30:25,244] multiqc                                            [INFO   ]  Report      : results/ur_rna4_report/ur_rna4_featurecount_report.html
[2025-03-27 11:30:25,244] multiqc                                            [INFO   ]  Data        : results/ur_rna4_report/ur_rna4_featurecount_report_data
[2025-03-27 11:30:25,245] multiqc                                            [DEBUG  ]  Moving data file from '/scratch/ngh18/18137258/tmp8l_eka5n/multiqc_data/multiqc_featureCounts.txt' to '/mnt/storage/nobackup/proj/ghwtcmr/Uwe_RNAseq/results//ur_rna4_report/ur_rna4_featurecount_report_data'
[2025-03-27 11:30:25,331] multiqc                                            [DEBUG  ]  Moving data file from '/scratch/ngh18/18137258/tmp8l_eka5n/multiqc_data/multiqc_general_stats.txt' to '/mnt/storage/nobackup/proj/ghwtcmr/Uwe_RNAseq/results//ur_rna4_report/ur_rna4_featurecount_report_data'
[2025-03-27 11:30:25,336] multiqc                                            [DEBUG  ]  Moving data file from '/scratch/ngh18/18137258/tmp8l_eka5n/multiqc_data/multiqc_sources.txt' to '/mnt/storage/nobackup/proj/ghwtcmr/Uwe_RNAseq/results//ur_rna4_report/ur_rna4_featurecount_report_data'
[2025-03-27 11:30:25,354] multiqc                                            [DEBUG  ]  Moving data file from '/scratch/ngh18/18137258/tmp8l_eka5n/multiqc_data/multiqc_data.json' to '/mnt/storage/nobackup/proj/ghwtcmr/Uwe_RNAseq/results//ur_rna4_report/ur_rna4_featurecount_report_data'
[2025-03-27 11:30:25,597] multiqc                                            [INFO   ]  MultiQC complete
